# Query Optimizer - ì¿¼ë¦¬ ìµœì í™”

> "ê°™ì€ ê²°ê³¼, ë‹¤ë¥¸ ê²½ë¡œ"

## ğŸ¯ í•µì‹¬ ê°œë…

### ì¿¼ë¦¬ ì˜µí‹°ë§ˆì´ì €ë€?

SQL (ì„ ì–¸ì ) â†’ ì‹¤í–‰ ê³„íš (ì ˆì°¨ì )ìœ¼ë¡œ ë³€í™˜í•˜ëŠ” ì»´í¬ë„ŒíŠ¸

```sql
-- ì‚¬ìš©ìê°€ ì‘ì„± (WHAT)
SELECT * FROM users WHERE age > 20;

-- ì˜µí‹°ë§ˆì´ì €ê°€ ê²°ì • (HOW)
1. Full Table Scan? vs Index Scan?
2. ì–´ë–¤ ì¸ë±ìŠ¤ë¥¼ ì‚¬ìš©í• ì§€?
3. ì–´ë–¤ ìˆœì„œë¡œ JOINí• ì§€?
```

## ğŸ“š ì‹¤í–‰ ê³„íš ë³´ê¸°

### EXPLAIN

```sql
-- PostgreSQL
EXPLAIN SELECT * FROM users WHERE age > 20;

ê²°ê³¼:
Seq Scan on users  (cost=0.00..35.50 rows=1000 width=40)
  Filter: (age > 20)
```

### EXPLAIN ANALYZE (ì‹¤ì œ ì‹¤í–‰)

```sql
EXPLAIN ANALYZE SELECT * FROM users WHERE age > 20;

ê²°ê³¼:
Seq Scan on users  (cost=0.00..35.50 rows=1000 width=40)
                   (actual time=0.010..0.250 rows=800 loops=1)
  Filter: (age > 20)
Planning Time: 0.050 ms
Execution Time: 0.300 ms
```

## ğŸ” ì£¼ìš” Scan ë°©ì‹

### 1. Sequential Scan (Full Table Scan)

```
í…Œì´ë¸” ì „ì²´ë¥¼ ìˆœì°¨ì ìœ¼ë¡œ ì½ìŒ
- ì¸ë±ìŠ¤ ì—†ìŒ
- ë§ì€ í–‰ì´ ë§¤ì¹­ë¨ (>30%)
```

### 2. Index Scan

```
ì¸ë±ìŠ¤ â†’ í…Œì´ë¸” ì¡°íšŒ
- ì ì€ í–‰ ë§¤ì¹­ (<10%)
- Random I/O ë°œìƒ
```

### 3. Index Only Scan

```
ì¸ë±ìŠ¤ë§Œìœ¼ë¡œ í•´ê²° (ê°€ì¥ ë¹ ë¦„!)
- Covering Index
- í…Œì´ë¸” ì ‘ê·¼ ë¶ˆí•„ìš”
```

### 4. Bitmap Index Scan

```
ì¸ë±ìŠ¤ë¡œ ë¹„íŠ¸ë§µ ìƒì„± â†’ í…Œì´ë¸” ì¡°íšŒ
- ì¤‘ê°„ ê°œìˆ˜ ë§¤ì¹­
- Random I/O ì¤„ì„
```

## ğŸ’¡ JOIN ì „ëµ

### 1. Nested Loop Join

```
for each row in table A:
    for each row in table B:
        if match: output

ì‚¬ìš©: ì‘ì€ í…Œì´ë¸” JOIN
```

### 2. Hash Join

```
1. Build: table Aë¥¼ í•´ì‹œí…Œì´ë¸”ë¡œ
2. Probe: table Bë¥¼ ìŠ¤ìº”í•˜ë©° ë§¤ì¹­

ì‚¬ìš©: í° í…Œì´ë¸” JOIN (ë©”ëª¨ë¦¬ ì¶©ë¶„)
```

### 3. Merge Join

```
1. ì–‘ìª½ í…Œì´ë¸” ì •ë ¬
2. ë³‘í•©í•˜ë©° ë§¤ì¹­

ì‚¬ìš©: ì´ë¯¸ ì •ë ¬ëœ ë°ì´í„°
```

## ğŸ¯ ìµœì í™” íŒ

### 1. ì¸ë±ìŠ¤ í™œìš©

```sql
-- âŒ ì¸ë±ìŠ¤ ë¬´íš¨í™”
WHERE YEAR(created_at) = 2024;

-- âœ… ì¸ë±ìŠ¤ ì‚¬ìš©
WHERE created_at >= '2024-01-01'
  AND created_at < '2025-01-01';
```

### 2. í†µê³„ ì •ë³´ ì—…ë°ì´íŠ¸

```sql
-- PostgreSQL
ANALYZE users;

-- MySQL
ANALYZE TABLE users;
```

### 3. JOIN ìˆœì„œ

```sql
-- ì‘ì€ í…Œì´ë¸”ì„ ë¨¼ì €
SELECT *
FROM small_table s
JOIN large_table l ON s.id = l.small_id;
```

## ğŸ”— ë‹¤ìŒ í•™ìŠµ

- [../fundamentals/04-Index-Basics.md](../fundamentals/04-Index-Basics.md)
- [06-Locking-Mechanisms.md](./06-Locking-Mechanisms.md)

---

**"EXPLAINì€ ê°œë°œìì˜ ì¹œêµ¬"**
